  [1m[35m (6.6ms)[0m  [1m[35mCREATE TABLE "schema_migrations" ("version" varchar NOT NULL PRIMARY KEY) /*application='Backend'*/[0m
  [1m[35m (0.2ms)[0m  [1m[35mCREATE TABLE "ar_internal_metadata" ("key" varchar NOT NULL PRIMARY KEY, "value" varchar, "created_at" datetime(6) NOT NULL, "updated_at" datetime(6) NOT NULL) /*application='Backend'*/[0m
  [1m[36mActiveRecord::InternalMetadata Load (0.3ms)[0m  [1m[34mSELECT * FROM "ar_internal_metadata" WHERE "ar_internal_metadata"."key" = 'environment' ORDER BY "ar_internal_metadata"."key" ASC LIMIT 1 /*application='Backend'*/[0m
  [1m[36mActiveRecord::InternalMetadata Create (0.3ms)[0m  [1m[32mINSERT INTO "ar_internal_metadata" ("key", "value", "created_at", "updated_at") VALUES ('environment', 'development', '2026-06-19 17:32:45.258803', '2026-06-19 17:32:45.258807') RETURNING "key" /*application='Backend'*/[0m
  [1m[36mActiveRecord::SchemaMigration Load (0.1ms)[0m  [1m[34mSELECT "schema_migrations"."version" FROM "schema_migrations" ORDER BY "schema_migrations"."version" ASC /*application='Backend'*/[0m
Migrating to CreateActiveStorageTables (20260619173239)
  [1m[36mTRANSACTION (0.1ms)[0m  [1m[35mBEGIN immediate TRANSACTION /*application='Backend'*/[0m
  [1m[35m (3.0ms)[0m  [1m[35mCREATE TABLE "active_storage_blobs" ("id" integer PRIMARY KEY AUTOINCREMENT NOT NULL, "key" varchar NOT NULL, "filename" varchar NOT NULL, "content_type" varchar, "metadata" text, "service_name" varchar NOT NULL, "byte_size" bigint NOT NULL, "checksum" varchar, "created_at" datetime(6) NOT NULL) /*application='Backend'*/[0m
  [1m[35m (0.3ms)[0m  [1m[35mCREATE UNIQUE INDEX "index_active_storage_blobs_on_key" ON "active_storage_blobs" ("key") /*application='Backend'*/[0m
  [1m[35m (0.2ms)[0m  [1m[35mCREATE TABLE "active_storage_attachments" ("id" integer PRIMARY KEY AUTOINCREMENT NOT NULL, "name" varchar NOT NULL, "record_type" varchar NOT NULL, "record_id" bigint NOT NULL, "blob_id" bigint NOT NULL, "created_at" datetime(6) NOT NULL, CONSTRAINT "fk_rails_c3b3935057"
FOREIGN KEY ("blob_id")
  REFERENCES "active_storage_blobs" ("id")
) /*application='Backend'*/[0m
  [1m[35m (0.1ms)[0m  [1m[35mCREATE INDEX "index_active_storage_attachments_on_blob_id" ON "active_storage_attachments" ("blob_id") /*application='Backend'*/[0m
  [1m[35m (0.1ms)[0m  [1m[35mCREATE UNIQUE INDEX "index_active_storage_attachments_uniqueness" ON "active_storage_attachments" ("record_type", "record_id", "name", "blob_id") /*application='Backend'*/[0m
  [1m[35m (0.1ms)[0m  [1m[35mCREATE TABLE "active_storage_variant_records" ("id" integer PRIMARY KEY AUTOINCREMENT NOT NULL, "blob_id" bigint NOT NULL, "variation_digest" varchar NOT NULL, CONSTRAINT "fk_rails_993965df05"
FOREIGN KEY ("blob_id")
  REFERENCES "active_storage_blobs" ("id")
) /*application='Backend'*/[0m
  [1m[35m (0.1ms)[0m  [1m[35mCREATE UNIQUE INDEX "index_active_storage_variant_records_uniqueness" ON "active_storage_variant_records" ("blob_id", "variation_digest") /*application='Backend'*/[0m
  [1m[36mActiveRecord::SchemaMigration Create (0.2ms)[0m  [1m[32mINSERT INTO "schema_migrations" ("version") VALUES ('20260619173239') RETURNING "version" /*application='Backend'*/[0m
  [1m[36mTRANSACTION (0.2ms)[0m  [1m[35mCOMMIT TRANSACTION /*application='Backend'*/[0m
  [1m[36mActiveRecord::SchemaMigration Load (0.0ms)[0m  [1m[34mSELECT "schema_migrations"."version" FROM "schema_migrations" ORDER BY "schema_migrations"."version" ASC /*application='Backend'*/[0m
Started POST "/api/conversions" for ::1 at 2026-06-20 01:42:20 +0800
  [1m[36mActiveRecord::SchemaMigration Load (0.2ms)[0m  [1m[34mSELECT "schema_migrations"."version" FROM "schema_migrations" ORDER BY "schema_migrations"."version" ASC /*application='Backend'*/[0m
  
ActionController::RoutingError (No route matches [POST] "/api/conversions"):
  
Started POST "/api/conversions" for ::1 at 2026-06-20 01:44:48 +0800
  [1m[36mActiveRecord::SchemaMigration Load (0.3ms)[0m  [1m[34mSELECT "schema_migrations"."version" FROM "schema_migrations" ORDER BY "schema_migrations"."version" ASC /*application='Backend'*/[0m
Processing by ConversionsController#create as */*
  Parameters: {"file" => #<ActionDispatch::Http::UploadedFile:0x0000022f7b313948 @tempfile=#<Tempfile:C:/Users/Lucky/AppData/Local/Temp/RackMultipart20260620-22896-hbuoje.pdf>, @content_type="application/pdf", @original_filename="CHRISTIAN JOHN JIMENEZ - CV.pdf", @headers="Content-Disposition: form-data; name=\"file\"; filename=\"CHRISTIAN JOHN JIMENEZ - CV.pdf\"\r\nContent-Type: application/pdf\r\n">, "target_format" => "docx"}
Completed 200 OK in 139ms (Views: 0.2ms | ActiveRecord: 0.0ms (0 queries, 0 cached) | GC: 0.0ms)


Started GET "/api/download/mock-file-123" for ::1 at 2026-06-20 01:44:51 +0800
Processing by ConversionsController#download as HTML
  Parameters: {"id" => "mock-file-123"}
Sent data converted_file.txt (45.7ms)
Completed 200 OK in 46ms (Views: 0.1ms | ActiveRecord: 0.0ms (0 queries, 0 cached) | GC: 0.0ms)


[dotenv] Set [36mCLOUDCONVERT_API_KEY[0m
[dotenv] Loaded [33m.env[0m
Started POST "/api/conversions" for ::1 at 2026-06-20 02:04:48 +0800
  [1m[36mActiveRecord::SchemaMigration Load (0.2ms)[0m  [1m[34mSELECT "schema_migrations"."version" FROM "schema_migrations" ORDER BY "schema_migrations"."version" ASC /*application='Backend'*/[0m
Processing by ConversionsController#create as */*
  Parameters: {"file" => #<ActionDispatch::Http::UploadedFile:0x000001fff1450e28 @tempfile=#<Tempfile:C:/Users/Lucky/AppData/Local/Temp/RackMultipart20260620-21216-6o2td3.pdf>, @content_type="application/pdf", @original_filename="Christian_John_G__Jimenez__2026-06-15.pdf", @headers="Content-Disposition: form-data; name=\"file\"; filename=\"Christian_John_G__Jimenez__2026-06-15.pdf\"\r\nContent-Type: application/pdf\r\n">, "target_format" => "jpg"}
Completed 500 Internal Server Error in 23ms (Views: 0.2ms | ActiveRecord: 0.0ms (0 queries, 0 cached) | GC: 0.0ms)


Started POST "/api/conversions" for ::1 at 2026-06-20 02:11:14 +0800
  
LoadError (cannot load such file -- D:/ShiftDox/backend/config/routes.rb):
  
railties (8.1.3) lib/rails/application/routes_reloader.rb:63:in 'Kernel#load'
railties (8.1.3) lib/rails/application/routes_reloader.rb:63:in 'block in Rails::Application::RoutesReloader#load_paths'
railties (8.1.3) lib/rails/application/routes_reloader.rb:63:in 'Array#each'
railties (8.1.3) lib/rails/application/routes_reloader.rb:63:in 'Rails::Application::RoutesReloader#load_paths'
railties (8.1.3) lib/rails/application/routes_reloader.rb:24:in 'Rails::Application::RoutesReloader#reload!'
railties (8.1.3) lib/rails/application/routes_reloader.rb:51:in 'block in Rails::Application::RoutesReloader#updater'
activesupport (8.1.3) lib/active_support/file_update_checker.rb:88:in 'ActiveSupport::FileUpdateChecker#execute'
railties (8.1.3) lib/rails/application/routes_reloader.rb:33:in 'Rails::Application::RoutesReloader#execute'
railties (8.1.3) lib/rails/application/finisher.rb:175:in 'block (2 levels) in <module:Finisher>'
activesupport (8.1.3) lib/active_support/callbacks.rb:407:in 'BasicObject#instance_exec'
activesupport (8.1.3) lib/active_support/callbacks.rb:407:in 'block in ActiveSupport::Callbacks::CallTemplate::InstanceExec0#make_lambda'
activesupport (8.1.3) lib/active_support/callbacks.rb:179:in 'block in ActiveSupport::Callbacks::Filters::Before#call'
activesupport (8.1.3) lib/active_support/callbacks.rb:669:in 'block in ActiveSupport::Callbacks::CallbackChain::DefaultTerminator#call'
activesupport (8.1.3) lib/active_support/callbacks.rb:668:in 'Kernel#catch'
activesupport (8.1.3) lib/active_support/callbacks.rb:668:in 'ActiveSupport::Callbacks::CallbackChain::DefaultTerminator#call'
activesupport (8.1.3) lib/active_support/callbacks.rb:180:in 'ActiveSupport::Callbacks::Filters::Before#call'
activesupport (8.1.3) lib/active_support/callbacks.rb:560:in 'block in ActiveSupport::Callbacks::CallbackSequence#invoke_before'
activesupport (8.1.3) lib/active_support/callbacks.rb:560:in 'Array#each'
activesupport (8.1.3) lib/active_support/callbacks.rb:560:in 'ActiveSupport::Callbacks::CallbackSequence#invoke_before'
activesupport (8.1.3) lib/active_support/callbacks.rb:109:in 'ActiveSupport::Callbacks#run_callbacks'
activesupport (8.1.3) lib/active_support/execution_wrapper.rb:128:in 'ActiveSupport::ExecutionWrapper#run'
activesupport (8.1.3) lib/active_support/execution_wrapper.rb:124:in 'ActiveSupport::ExecutionWrapper#run!'
activesupport (8.1.3) lib/active_support/reloader.rb:122:in 'ActiveSupport::Reloader#run!'
activesupport (8.1.3) lib/active_support/execution_wrapper.rb:77:in 'block in ActiveSupport::ExecutionWrapper.run!'
activesupport (8.1.3) lib/active_support/execution_wrapper.rb:74:in 'Kernel#tap'
activesupport (8.1.3) lib/active_support/execution_wrapper.rb:74:in 'ActiveSupport::ExecutionWrapper.run!'
activesupport (8.1.3) lib/active_support/reloader.rb:64:in 'ActiveSupport::Reloader.run!'
actionpack (8.1.3) lib/action_dispatch/middleware/executor.rb:14:in 'ActionDispatch::Executor#call'
actionpack (8.1.3) lib/action_dispatch/middleware/actionable_exceptions.rb:18:in 'ActionDispatch::ActionableExceptions#call'
actionpack (8.1.3) lib/action_dispatch/middleware/debug_exceptions.rb:31:in 'ActionDispatch::DebugExceptions#call'
actionpack (8.1.3) lib/action_dispatch/middleware/show_exceptions.rb:32:in 'ActionDispatch::ShowExceptions#call'
railties (8.1.3) lib/rails/rack/logger.rb:41:in 'Rails::Rack::Logger#call_app'
railties (8.1.3) lib/rails/rack/logger.rb:29:in 'Rails::Rack::Logger#call'
actionpack (8.1.3) lib/action_dispatch/middleware/remote_ip.rb:98:in 'ActionDispatch::RemoteIp#call'
actionpack (8.1.3) lib/action_dispatch/middleware/request_id.rb:34:in 'ActionDispatch::RequestId#call'
rack (3.2.6) lib/rack/runtime.rb:24:in 'Rack::Runtime#call'
activesupport (8.1.3) lib/active_support/cache/strategy/local_cache_middleware.rb:30:in 'ActiveSupport::Cache::Strategy::LocalCache::Middleware#call'
actionpack (8.1.3) lib/action_dispatch/middleware/server_timing.rb:61:in 'block in ActionDispatch::ServerTiming#call'
actionpack (8.1.3) lib/action_dispatch/middleware/server_timing.rb:26:in 'ActionDispatch::ServerTiming::Subscriber#collect_events'
actionpack (8.1.3) lib/action_dispatch/middleware/server_timing.rb:60:in 'ActionDispatch::ServerTiming#call'
actionpack (8.1.3) lib/action_dispatch/middleware/executor.rb:20:in 'ActionDispatch::Executor#call'
actionpack (8.1.3) lib/action_dispatch/middleware/static.rb:27:in 'ActionDispatch::Static#call'
rack (3.2.6) lib/rack/sendfile.rb:131:in 'Rack::Sendfile#call'
actionpack (8.1.3) lib/action_dispatch/middleware/host_authorization.rb:143:in 'ActionDispatch::HostAuthorization#call'
rack-cors (3.0.0) lib/rack/cors.rb:102:in 'Rack::Cors#call'
railties (8.1.3) lib/rails/engine.rb:534:in 'Rails::Engine#call'
puma (8.0.2) lib/puma/configuration.rb:305:in 'Puma::Configuration::ConfigMiddleware#call'
puma (8.0.2) lib/puma/response.rb:79:in 'block in Puma::Response#handle_request'
puma (8.0.2) lib/puma/thread_pool.rb:434:in 'Puma::ThreadPool#with_force_shutdown'
puma (8.0.2) lib/puma/response.rb:78:in 'Puma::Response#handle_request'
puma (8.0.2) lib/puma/server.rb:508:in 'Puma::Server#process_client'
puma (8.0.2) lib/puma/server.rb:263:in 'block in Puma::Server#run'
puma (8.0.2) lib/puma/thread_pool.rb:246:in 'block in Puma::ThreadPool#spawn_thread'
